<?xml version="1.0" encoding="UTF-8"?>
<testsuite xmlns:xsi="http://www.w3.org/2001/XMLSchema-instance" xsi:noNamespaceSchemaLocation="https://maven.apache.org/surefire/maven-surefire-plugin/xsd/surefire-test-report-3.0.xsd" version="3.0" name="com.omnisearch.search.OmniSearchValidationTest" time="8.807" tests="21" errors="0" skipped="0" failures="0">
  <properties>
[...]
</properties>
  <testcase name="testSearchControllerNullQuery" classname="com.omnisearch.search.OmniSearchValidationTest" time="0.069"/>
  <testcase name="testEventContent" classname="com.omnisearch.search.OmniSearchValidationTest" time="0.007"/>
  <testcase name="testEventConstructorTitle" classname="com.omnisearch.search.OmniSearchValidationTest" time="0.002"/>
  <testcase name="testDocId" classname="com.omnisearch.search.OmniSearchValidationTest" time="0.003"/>
  <testcase name="testServiceMultiFormat" classname="com.omnisearch.search.OmniSearchValidationTest" time="8.573">
    <system-err><![CDATA[WARNING: A Java agent has been loaded dynamically (C:\Users\Ashutosh\.m2\repository\net\bytebuddy\byte-buddy-agent\1.14.12\byte-buddy-agent-1.14.12.jar)
WARNING: If a serviceability tool is in use, please run with -XX:+EnableDynamicAgentLoading to hide this warning
WARNING: If a serviceability tool is not in use, please run with -Djdk.instrument.traceUsage for more information
WARNING: Dynamic loading of agents will be disallowed by default in a future release
]]></system-err>
  </testcase>
  <testcase name="testSearchControllerEmptyQuery" classname="com.omnisearch.search.OmniSearchValidationTest" time="0.002"/>
  <testcase name="testServiceFormat" classname="com.omnisearch.search.OmniSearchValidationTest" time="0.002"/>
  <testcase name="testDocConstructorId" classname="com.omnisearch.search.OmniSearchValidationTest" time="0.001"/>
  <testcase name="testEventConstructorUrl" classname="com.omnisearch.search.OmniSearchValidationTest" time="0.001"/>
  <testcase name="testSearchControllerBlankQuery" classname="com.omnisearch.search.OmniSearchValidationTest" time="0.002"/>
  <testcase name="testSearchResultGetters" classname="com.omnisearch.search.OmniSearchValidationTest" time="0.001"/>
  <testcase name="testEventTitle" classname="com.omnisearch.search.OmniSearchValidationTest" time="0.001"/>
  <testcase name="testSearchControllerValidQuery" classname="com.omnisearch.search.OmniSearchValidationTest" time="0.023"/>
  <testcase name="testDocConstructorEmpty" classname="com.omnisearch.search.OmniSearchValidationTest" time="0.015"/>
  <testcase name="testDocConstructorTitle" classname="com.omnisearch.search.OmniSearchValidationTest" time="0.002"/>
  <testcase name="testDocConstructorContent" classname="com.omnisearch.search.OmniSearchValidationTest" time="0.002"/>
  <testcase name="testEventConstructorContent" classname="com.omnisearch.search.OmniSearchValidationTest" time="0.001"/>
  <testcase name="testEventUrl" classname="com.omnisearch.search.OmniSearchValidationTest" time="0.004"/>
  <testcase name="testSearchResultConstructor" classname="com.omnisearch.search.OmniSearchValidationTest" time="0.002"/>
  <testcase name="testDocContent" classname="com.omnisearch.search.OmniSearchValidationTest" time="0.003"/>
  <testcase name="testDocTitle" classname="com.omnisearch.search.OmniSearchValidationTest" time="0.003"/>
</testsuite>